<?xml version="1.0" encoding="UTF-8"?>
<testsuite name="com.userregistration.UserRegistrationTest" tests="1" skipped="0" failures="0" errors="0" timestamp="2021-06-01T17:41:05" hostname="DESKTOP-3A5DM76" time="0.035">
  <properties/>
  <testcase name="givenPhoneNumber_WhenProper_ShouldReturnTrue()" classname="com.userregistration.UserRegistrationTest" time="0.035"/>
  <system-out><![CDATA[]]></system-out>
  <system-err><![CDATA[]]></system-err>
</testsuite>
